Using pre-set license
Built from '2020.3/staging' branch; Version is '2020.3.10f1 (297d780c91bc) revision 2719096'; Using compiler version '192528614'; Build Type 'Release'
OS: 'Windows 10 Home; OS build 19043.1288; Version 2009; 64bit' Language: 'ru' Physical Memory: 16217 MB
BatchMode: 1, IsHumanControllingUs: 0, StartBugReporterOnCrash: 0, Is64bit: 1, IsPro: 0

 COMMAND LINE ARGUMENTS:
C:\Program Files\Unity\Hub\Editor\2020.3.10f1\Editor\Unity.exe
-adb2
-batchMode
-noUpm
-name
AssetImportWorker5
-projectPath
C:/Homework/Homework/Homeworm
-logFile
Logs/AssetImportWorker5.log
-srvPort
56497
Successfully changed project path to: C:/Homework/Homework/Homeworm
C:/Homework/Homework/Homeworm
Using Asset Import Pipeline V2.
Refreshing native plugins compatible for Editor in 141.48 ms, found 2 plugins.
Preloading 0 native plugins for Editor in 0.00 ms.
Initialize engine version: 2020.3.10f1 (297d780c91bc)
[Subsystems] Discovering subsystems at path C:/Program Files/Unity/Hub/Editor/2020.3.10f1/Editor/Data/Resources/UnitySubsystems
[Subsystems] Discovering subsystems at path C:/Homework/Homework/Homeworm/Assets
GfxDevice: creating device client; threaded=0
Direct3D:
    Version:  Direct3D 11.0 [level 11.1]
    Renderer: NVIDIA GeForce GTX 970M (ID=0x13d8)
    Vendor:   
    VRAM:     3032 MB
    Driver:   27.21.14.6611
Initialize mono
Mono path[0] = 'C:/Program Files/Unity/Hub/Editor/2020.3.10f1/Editor/Data/Managed'
Mono path[1] = 'C:/Program Files/Unity/Hub/Editor/2020.3.10f1/Editor/Data/MonoBleedingEdge/lib/mono/unityjit'
Mono config path = 'C:/Program Files/Unity/Hub/Editor/2020.3.10f1/Editor/Data/MonoBleedingEdge/etc'
Using monoOptions --debugger-agent=transport=dt_socket,embedding=1,server=y,suspend=n,address=127.0.0.1:56144
Begin MonoManager ReloadAssembly
Registering precompiled unity dll's ...
Register platform support module: C:/Program Files/Unity/Hub/Editor/2020.3.10f1/Editor/Data/PlaybackEngines/WindowsStandaloneSupport/UnityEditor.WindowsStandalone.Extensions.dll
Registered in 0.004424 seconds.
Native extension for WindowsStandalone target not found
Refreshing native plugins compatible for Editor in 59.48 ms, found 2 plugins.
Preloading 0 native plugins for Editor in 0.00 ms.
Mono: successfully reloaded assembly
- Completed reload, in  5.187 seconds
Platform modules already initialized, skipping
Registering precompiled user dll's ...
Registered in 0.011638 seconds.
Begin MonoManager ReloadAssembly
Native extension for WindowsStandalone target not found
Refreshing native plugins compatible for Editor in 0.32 ms, found 2 plugins.
Preloading 0 native plugins for Editor in 0.00 ms.
Mono: successfully reloaded assembly
- Completed reload, in  1.396 seconds
Platform modules already initialized, skipping
========================================================================
Worker process is ready to serve import requests
Launched and connected shader compiler UnityShaderCompiler.exe after 0.07 seconds
Refreshing native plugins compatible for Editor in 0.35 ms, found 2 plugins.
Preloading 0 native plugins for Editor in 0.00 ms.
Unloading 1391 Unused Serialized files (Serialized files now loaded: 0)
System memory in use before: 77.0 MB.
System memory in use after: 77.1 MB.

Unloading 18 unused Assets to reduce memory usage. Loaded Objects now: 1840.
Total: 2.157400 ms (FindLiveObjects: 0.148200 ms CreateObjectMapping: 0.048300 ms MarkObjects: 1.891500 ms  DeleteObjects: 0.068300 ms)

========================================================================
Received Import Request.
  path: Assets/Scripts/Scriptable Object/Medium Tank.asset
  artifactKey: Guid(e594a546649e1a941b5bb9b2007e5ee6) Importer(815301076,1909f56bfc062723c751e8b465ee728b)
Start importing Assets/Scripts/Scriptable Object/Medium Tank.asset using Guid(e594a546649e1a941b5bb9b2007e5ee6) Importer(815301076,1909f56bfc062723c751e8b465ee728b)  -> (artifact id: '45d236dc698f01063872319666b2ae67') in 0.073404 seconds
  Import took 0.076216 seconds .

========================================================================
Received Import Request.
  Time since last request: 0.000482 seconds.
  path: Assets/Scripts/Scriptable Object/Premium Tank.asset
  artifactKey: Guid(20f418f67afb9eb4da7ca5406e803686) Importer(815301076,1909f56bfc062723c751e8b465ee728b)
Start importing Assets/Scripts/Scriptable Object/Premium Tank.asset using Guid(20f418f67afb9eb4da7ca5406e803686) Importer(815301076,1909f56bfc062723c751e8b465ee728b)  -> (artifact id: '4c00a55fb7027bf53e0c977445f38778') in 0.004392 seconds
  Import took 0.006862 seconds .

========================================================================
Received Import Request.
  Time since last request: 0.000414 seconds.
  path: Assets/Scripts/Scriptable Object/Heavy Tank.asset
  artifactKey: Guid(3b8e606300490d3418c192fcc0529c1e) Importer(815301076,1909f56bfc062723c751e8b465ee728b)
Start importing Assets/Scripts/Scriptable Object/Heavy Tank.asset using Guid(3b8e606300490d3418c192fcc0529c1e) Importer(815301076,1909f56bfc062723c751e8b465ee728b)  -> (artifact id: '8ed1bbca4594c6d5e717a1eca4dcfd93') in 0.004711 seconds
  Import took 0.007703 seconds .

========================================================================
Received Import Request.
  Time since last request: 0.000398 seconds.
  path: Assets/Scripts/Scriptable Object/Light Tank.asset
  artifactKey: Guid(f50926d2a11e0ca41b2224fb8171c1b4) Importer(815301076,1909f56bfc062723c751e8b465ee728b)
Start importing Assets/Scripts/Scriptable Object/Light Tank.asset using Guid(f50926d2a11e0ca41b2224fb8171c1b4) Importer(815301076,1909f56bfc062723c751e8b465ee728b)  -> (artifact id: 'eadd2a962644630a4b7dc44e0d1dcde6') in 0.004956 seconds
  Import took 0.008527 seconds .

========================================================================
Received Import Request.
  Time since last request: 728.353670 seconds.
  path: Assets/Scripts/TakeData.cs
  artifactKey: Guid(018aba0b47a4616418dcf72369c187c2) Importer(815301076,1909f56bfc062723c751e8b465ee728b)
Start importing Assets/Scripts/TakeData.cs using Guid(018aba0b47a4616418dcf72369c187c2) Importer(815301076,1909f56bfc062723c751e8b465ee728b)  -> (artifact id: '2e5e837e6d55664562988e2efee0f68d') in 0.017560 seconds
  Import took 0.021744 seconds .

========================================================================
Received Prepare
Registering precompiled user dll's ...
Registered in 0.007082 seconds.
Begin MonoManager ReloadAssembly
Native extension for WindowsStandalone target not found
Refreshing native plugins compatible for Editor in 0.40 ms, found 2 plugins.
Preloading 0 native plugins for Editor in 0.00 ms.
Mono: successfully reloaded assembly
- Completed reload, in  1.493 seconds
Platform modules already initialized, skipping
Refreshing native plugins compatible for Editor in 0.35 ms, found 2 plugins.
Preloading 0 native plugins for Editor in 0.00 ms.
Unloading 1387 Unused Serialized files (Serialized files now loaded: 0)
System memory in use before: 77.0 MB.
System memory in use after: 77.1 MB.

Unloading 13 unused Assets to reduce memory usage. Loaded Objects now: 1844.
Total: 2.446900 ms (FindLiveObjects: 0.158700 ms CreateObjectMapping: 0.051600 ms MarkObjects: 2.213100 ms  DeleteObjects: 0.022300 ms)

========================================================================
Received Prepare
Registering precompiled user dll's ...
Registered in 0.009055 seconds.
Begin MonoManager ReloadAssembly
Native extension for WindowsStandalone target not found
Refreshing native plugins compatible for Editor in 0.34 ms, found 2 plugins.
Preloading 0 native plugins for Editor in 0.00 ms.
Mono: successfully reloaded assembly
- Completed reload, in  1.450 seconds
Platform modules already initialized, skipping
Refreshing native plugins compatible for Editor in 0.34 ms, found 2 plugins.
Preloading 0 native plugins for Editor in 0.00 ms.
Unloading 1387 Unused Serialized files (Serialized files now loaded: 0)
System memory in use before: 77.0 MB.
System memory in use after: 77.1 MB.

Unloading 13 unused Assets to reduce memory usage. Loaded Objects now: 1847.
Total: 3.045400 ms (FindLiveObjects: 0.171600 ms CreateObjectMapping: 0.047800 ms MarkObjects: 2.795500 ms  DeleteObjects: 0.029000 ms)

========================================================================
Received Import Request.
  Time since last request: 563.385795 seconds.
  path: Assets/Scripts/TakeData.cs
  artifactKey: Guid(018aba0b47a4616418dcf72369c187c2) Importer(815301076,1909f56bfc062723c751e8b465ee728b)
Start importing Assets/Scripts/TakeData.cs using Guid(018aba0b47a4616418dcf72369c187c2) Importer(815301076,1909f56bfc062723c751e8b465ee728b)  -> (artifact id: '5bf60cb1eb3aab55389e5515f6b8e01c') in 0.007129 seconds
  Import took 0.010973 seconds .

========================================================================
Received Prepare
Registering precompiled user dll's ...
Registered in 0.016156 seconds.
Begin MonoManager ReloadAssembly
Native extension for WindowsStandalone target not found
Refreshing native plugins compatible for Editor in 0.46 ms, found 2 plugins.
Preloading 0 native plugins for Editor in 0.00 ms.
Mono: successfully reloaded assembly
- Completed reload, in  2.366 seconds
Platform modules already initialized, skipping
Refreshing native plugins compatible for Editor in 0.95 ms, found 2 plugins.
Preloading 0 native plugins for Editor in 0.00 ms.
Unloading 1387 Unused Serialized files (Serialized files now loaded: 0)
System memory in use before: 77.0 MB.
System memory in use after: 77.1 MB.

Unloading 13 unused Assets to reduce memory usage. Loaded Objects now: 1850.
Total: 3.636400 ms (FindLiveObjects: 0.294700 ms CreateObjectMapping: 0.102100 ms MarkObjects: 3.208000 ms  DeleteObjects: 0.029200 ms)

========================================================================
Received Prepare
Registering precompiled user dll's ...
Registered in 0.010753 seconds.
Begin MonoManager ReloadAssembly
Native extension for WindowsStandalone target not found
Refreshing native plugins compatible for Editor in 0.40 ms, found 2 plugins.
Preloading 0 native plugins for Editor in 0.00 ms.
Mono: successfully reloaded assembly
- Completed reload, in  1.993 seconds
Platform modules already initialized, skipping
Refreshing native plugins compatible for Editor in 0.46 ms, found 2 plugins.
Preloading 0 native plugins for Editor in 0.00 ms.
Unloading 1387 Unused Serialized files (Serialized files now loaded: 0)
System memory in use before: 77.0 MB.
System memory in use after: 77.1 MB.

Unloading 13 unused Assets to reduce memory usage. Loaded Objects now: 1853.
Total: 3.564000 ms (FindLiveObjects: 0.260600 ms CreateObjectMapping: 0.090500 ms MarkObjects: 3.182000 ms  DeleteObjects: 0.028800 ms)

AssetImportWorkerClient::OnTransportError - code=2 error=End of file
